<?xml version="1.0" encoding="UTF-8"?>
<coverage generated="1677348716300" clover="3.2.0">
  <project timestamp="1677348716300" name="All files">
    <metrics statements="44" coveredstatements="36" conditionals="15" coveredconditionals="11" methods="17" coveredmethods="11" elements="76" coveredelements="58" complexity="0" loc="44" ncloc="44" packages="1" files="4" classes="4"/>
    <file name="core.ts" path="/Users/dimitrisklouvas/Projects/events/src/core.ts">
      <metrics statements="34" coveredstatements="26" conditionals="14" coveredconditionals="10" methods="10" coveredmethods="8"/>
      <line num="1" count="2" type="stmt"/>
      <line num="2" count="2" type="stmt"/>
      <line num="18" count="2" type="stmt"/>
      <line num="22" count="7" type="cond" truecount="2" falsecount="0"/>
      <line num="23" count="7" type="stmt"/>
      <line num="24" count="7" type="stmt"/>
      <line num="28" count="2" type="cond" truecount="1" falsecount="0"/>
      <line num="32" count="4" type="stmt"/>
      <line num="37" count="4" type="stmt"/>
      <line num="38" count="4" type="cond" truecount="2" falsecount="0"/>
      <line num="40" count="4" type="stmt"/>
      <line num="42" count="4" type="stmt"/>
      <line num="43" count="4" type="stmt"/>
      <line num="44" count="4" type="stmt"/>
      <line num="45" count="4" type="stmt"/>
      <line num="47" count="4" type="stmt"/>
      <line num="50" count="4" type="stmt"/>
      <line num="56" count="4" type="stmt"/>
      <line num="62" count="2" type="cond" truecount="1" falsecount="0"/>
      <line num="69" count="4" type="stmt"/>
      <line num="74" count="4" type="stmt"/>
      <line num="75" count="4" type="cond" truecount="2" falsecount="0"/>
      <line num="77" count="4" type="stmt"/>
      <line num="78" count="0" type="stmt"/>
      <line num="79" count="0" type="stmt"/>
      <line num="81" count="0" type="cond" truecount="0" falsecount="2"/>
      <line num="82" count="0" type="stmt"/>
      <line num="84" count="0" type="stmt"/>
      <line num="89" count="4" type="cond" truecount="0" falsecount="1"/>
      <line num="90" count="0" type="stmt"/>
      <line num="92" count="4" type="stmt"/>
      <line num="94" count="4" type="cond" truecount="0" falsecount="1"/>
      <line num="95" count="0" type="stmt"/>
      <line num="96" count="0" type="stmt"/>
    </file>
    <file name="eventBus.ts" path="/Users/dimitrisklouvas/Projects/events/src/eventBus.ts">
      <metrics statements="1" coveredstatements="1" conditionals="0" coveredconditionals="0" methods="0" coveredmethods="0"/>
      <line num="1" count="2" type="stmt"/>
    </file>
    <file name="index.ts" path="/Users/dimitrisklouvas/Projects/events/src/index.ts">
      <metrics statements="2" coveredstatements="2" conditionals="0" coveredconditionals="0" methods="4" coveredmethods="0"/>
      <line num="1" count="1" type="stmt"/>
      <line num="2" count="1" type="stmt"/>
    </file>
    <file name="utils.ts" path="/Users/dimitrisklouvas/Projects/events/src/utils.ts">
      <metrics statements="7" coveredstatements="7" conditionals="1" coveredconditionals="1" methods="3" coveredmethods="3"/>
      <line num="1" count="3" type="stmt"/>
      <line num="2" count="3" type="stmt"/>
      <line num="4" count="3" type="stmt"/>
      <line num="5" count="7" type="cond" truecount="1" falsecount="0"/>
      <line num="6" count="4" type="stmt"/>
      <line num="9" count="7" type="stmt"/>
      <line num="10" count="5" type="stmt"/>
    </file>
  </project>
</coverage>
