{"/Users/dimitrisklouvas/Projects/events/src/core.ts": {"path":"/Users/dimitrisklouvas/Projects/events/src/core.ts","statementMap":{"0":{"start":{"line":1,"column":0},"end":{"line":1,"column":35}},"1":{"start":{"line":2,"column":0},"end":{"line":2,"column":44}},"2":{"start":{"line":22,"column":30},"end":{"line":22,"column":43}},"3":{"start":{"line":23,"column":4},"end":{"line":23,"column":22}},"4":{"start":{"line":24,"column":4},"end":{"line":24,"column":21}},"5":{"start":{"line":18,"column":0},"end":{"line":18,"column":13}},"6":{"start":{"line":28,"column":24},"end":{"line":60,"column":1}},"7":{"start":{"line":32,"column":2},"end":{"line":59,"column":4}},"8":{"start":{"line":37,"column":22},"end":{"line":37,"column":59}},"9":{"start":{"line":38,"column":18},"end":{"line":38,"column":60}},"10":{"start":{"line":40,"column":4},"end":{"line":58,"column":6}},"11":{"start":{"line":42,"column":26},"end":{"line":48,"column":9}},"12":{"start":{"line":43,"column":25},"end":{"line":43,"column":67}},"13":{"start":{"line":44,"column":10},"end":{"line":46,"column":13}},"14":{"start":{"line":45,"column":12},"end":{"line":45,"column":69}},"15":{"start":{"line":47,"column":10},"end":{"line":47,"column":24}},"16":{"start":{"line":50,"column":8},"end":{"line":54,"column":11}},"17":{"start":{"line":56,"column":8},"end":{"line":56,"column":25}},"18":{"start":{"line":28,"column":13},"end":{"line":28,"column":24}},"19":{"start":{"line":62,"column":18},"end":{"line":100,"column":1}},"20":{"start":{"line":69,"column":2},"end":{"line":99,"column":4}},"21":{"start":{"line":74,"column":22},"end":{"line":74,"column":70}},"22":{"start":{"line":75,"column":18},"end":{"line":75,"column":60}},"23":{"start":{"line":77,"column":23},"end":{"line":87,"column":5}},"24":{"start":{"line":78,"column":6},"end":{"line":86,"column":null}},"25":{"start":{"line":79,"column":8},"end":{"line":79,"column":54}},"26":{"start":{"line":81,"column":8},"end":{"line":85,"column":null}},"27":{"start":{"line":82,"column":10},"end":{"line":82,"column":37}},"28":{"start":{"line":84,"column":10},"end":{"line":84,"column":20}},"29":{"start":{"line":89,"column":4},"end":{"line":91,"column":null}},"30":{"start":{"line":90,"column":6},"end":{"line":90,"column":56}},"31":{"start":{"line":92,"column":4},"end":{"line":92,"column":51}},"32":{"start":{"line":94,"column":4},"end":{"line":98,"column":null}},"33":{"start":{"line":95,"column":6},"end":{"line":97,"column":9}},"34":{"start":{"line":96,"column":8},"end":{"line":96,"column":58}},"35":{"start":{"line":62,"column":13},"end":{"line":62,"column":18}}},"fnMap":{"0":{"name":"(anonymous_0)","decl":{"start":{"line":21,"column":2},"end":{"line":21,"column":14}},"loc":{"start":{"line":21,"column":41},"end":{"line":25,"column":3}}},"1":{"name":"(anonymous_1)","decl":{"start":{"line":28,"column":24},"end":{"line":28,"column":25}},"loc":{"start":{"line":31,"column":26},"end":{"line":60,"column":1}}},"2":{"name":"(anonymous_2)","decl":{"start":{"line":32,"column":9},"end":{"line":32,"column":null}},"loc":{"start":{"line":36,"column":6},"end":{"line":59,"column":3}}},"3":{"name":"(anonymous_3)","decl":{"start":{"line":41,"column":6},"end":{"line":41,"column":9}},"loc":{"start":{"line":41,"column":9},"end":{"line":57,"column":7}}},"4":{"name":"(anonymous_4)","decl":{"start":{"line":42,"column":26},"end":{"line":42,"column":27}},"loc":{"start":{"line":42,"column":78},"end":{"line":48,"column":9}}},"5":{"name":"(anonymous_5)","decl":{"start":{"line":44,"column":39},"end":{"line":44,"column":40}},"loc":{"start":{"line":44,"column":48},"end":{"line":46,"column":11}}},"6":{"name":"(anonymous_6)","decl":{"start":{"line":62,"column":18},"end":{"line":62,"column":19}},"loc":{"start":{"line":68,"column":20},"end":{"line":100,"column":1}}},"7":{"name":"(anonymous_7)","decl":{"start":{"line":69,"column":9},"end":{"line":69,"column":null}},"loc":{"start":{"line":73,"column":6},"end":{"line":99,"column":3}}},"8":{"name":"(anonymous_8)","decl":{"start":{"line":77,"column":23},"end":{"line":77,"column":24}},"loc":{"start":{"line":77,"column":40},"end":{"line":87,"column":5}}},"9":{"name":"(anonymous_9)","decl":{"start":{"line":95,"column":39},"end":{"line":95,"column":42}},"loc":{"start":{"line":95,"column":44},"end":{"line":97,"column":7}}}},"branchMap":{"0":{"loc":{"start":{"line":22,"column":30},"end":{"line":22,"column":43}},"type":"binary-expr","locations":[{"start":{"line":22,"column":30},"end":{"line":22,"column":37}},{"start":{"line":22,"column":41},"end":{"line":22,"column":43}}]},"1":{"loc":{"start":{"line":28,"column":25},"end":{"line":31,"column":22}},"type":"default-arg","locations":[{"start":{"line":31,"column":20},"end":{"line":31,"column":22}}]},"2":{"loc":{"start":{"line":30,"column":2},"end":{"line":30,"column":27}},"type":"default-arg","locations":[{"start":{"line":30,"column":13},"end":{"line":30,"column":27}}]},"3":{"loc":{"start":{"line":38,"column":18},"end":{"line":38,"column":60}},"type":"binary-expr","locations":[{"start":{"line":38,"column":18},"end":{"line":38,"column":27}},{"start":{"line":38,"column":31},"end":{"line":38,"column":60}}]},"4":{"loc":{"start":{"line":62,"column":19},"end":{"line":68,"column":16}},"type":"default-arg","locations":[{"start":{"line":68,"column":14},"end":{"line":68,"column":16}}]},"5":{"loc":{"start":{"line":64,"column":2},"end":{"line":64,"column":27}},"type":"default-arg","locations":[{"start":{"line":64,"column":13},"end":{"line":64,"column":27}}]},"6":{"loc":{"start":{"line":75,"column":18},"end":{"line":75,"column":60}},"type":"binary-expr","locations":[{"start":{"line":75,"column":18},"end":{"line":75,"column":27}},{"start":{"line":75,"column":31},"end":{"line":75,"column":60}}]},"7":{"loc":{"start":{"line":81,"column":8},"end":{"line":85,"column":null}},"type":"if","locations":[{"start":{"line":81,"column":8},"end":{"line":85,"column":null}},{"start":{"line":83,"column":15},"end":{"line":85,"column":null}}]},"8":{"loc":{"start":{"line":89,"column":4},"end":{"line":91,"column":null}},"type":"if","locations":[{"start":{"line":89,"column":4},"end":{"line":91,"column":null}}]},"9":{"loc":{"start":{"line":94,"column":4},"end":{"line":98,"column":null}},"type":"if","locations":[{"start":{"line":94,"column":4},"end":{"line":98,"column":null}}]}},"s":{"0":2,"1":2,"2":7,"3":7,"4":7,"5":2,"6":2,"7":4,"8":4,"9":4,"10":4,"11":4,"12":4,"13":4,"14":4,"15":4,"16":4,"17":4,"18":2,"19":2,"20":4,"21":4,"22":4,"23":4,"24":0,"25":0,"26":0,"27":0,"28":0,"29":4,"30":0,"31":4,"32":4,"33":0,"34":0,"35":2},"f":{"0":7,"1":4,"2":4,"3":4,"4":4,"5":4,"6":4,"7":4,"8":0,"9":0},"b":{"0":[7,2],"1":[4],"2":[4],"3":[4,4],"4":[4],"5":[4],"6":[4,4],"7":[0,0],"8":[0],"9":[0]}}
,"/Users/dimitrisklouvas/Projects/events/src/eventBus.ts": {"path":"/Users/dimitrisklouvas/Projects/events/src/eventBus.ts","statementMap":{"0":{"start":{"line":1,"column":13},"end":{"line":1,"column":48}}},"fnMap":{},"branchMap":{},"s":{"0":2},"f":{},"b":{}}
,"/Users/dimitrisklouvas/Projects/events/src/index.ts": {"path":"/Users/dimitrisklouvas/Projects/events/src/index.ts","statementMap":{"0":{"start":{"line":1,"column":0},"end":{"line":1,"column":9}},"1":{"start":{"line":1,"column":9},"end":{"line":1,"column":13}},"2":{"start":{"line":1,"column":13},"end":{"line":1,"column":23}},"3":{"start":{"line":1,"column":23},"end":{"line":1,"column":51}},"4":{"start":{"line":2,"column":0},"end":{"line":2,"column":9}},"5":{"start":{"line":2,"column":9},"end":{"line":2,"column":35}}},"fnMap":{"0":{"name":"(anonymous_0)","decl":{"start":{"line":1,"column":9},"end":{"line":1,"column":11}},"loc":{"start":{"line":1,"column":9},"end":{"line":1,"column":13}}},"1":{"name":"(anonymous_1)","decl":{"start":{"line":1,"column":13},"end":{"line":1,"column":21}},"loc":{"start":{"line":1,"column":13},"end":{"line":1,"column":23}}},"2":{"name":"(anonymous_2)","decl":{"start":{"line":1,"column":23},"end":{"line":1,"column":34}},"loc":{"start":{"line":1,"column":23},"end":{"line":1,"column":51}}},"3":{"name":"(anonymous_3)","decl":{"start":{"line":2,"column":9},"end":{"line":2,"column":23}},"loc":{"start":{"line":2,"column":9},"end":{"line":2,"column":35}}}},"branchMap":{},"s":{"0":1,"1":1,"2":1,"3":1,"4":1,"5":1},"f":{"0":0,"1":0,"2":0,"3":0},"b":{}}
,"/Users/dimitrisklouvas/Projects/events/src/utils.ts": {"path":"/Users/dimitrisklouvas/Projects/events/src/utils.ts","statementMap":{"0":{"start":{"line":1,"column":24},"end":{"line":13,"column":1}},"1":{"start":{"line":2,"column":56},"end":{"line":2,"column":60}},"2":{"start":{"line":4,"column":2},"end":{"line":12,"column":4}},"3":{"start":{"line":5,"column":4},"end":{"line":7,"column":null}},"4":{"start":{"line":6,"column":6},"end":{"line":6,"column":30}},"5":{"start":{"line":9,"column":4},"end":{"line":11,"column":19}},"6":{"start":{"line":10,"column":6},"end":{"line":10,"column":20}},"7":{"start":{"line":1,"column":13},"end":{"line":1,"column":24}}},"fnMap":{"0":{"name":"(anonymous_0)","decl":{"start":{"line":1,"column":24},"end":{"line":1,"column":25}},"loc":{"start":{"line":1,"column":63},"end":{"line":13,"column":1}}},"1":{"name":"(anonymous_1)","decl":{"start":{"line":4,"column":9},"end":{"line":4,"column":10}},"loc":{"start":{"line":4,"column":28},"end":{"line":12,"column":3}}},"2":{"name":"(anonymous_2)","decl":{"start":{"line":9,"column":27},"end":{"line":9,"column":30}},"loc":{"start":{"line":9,"column":32},"end":{"line":11,"column":5}}}},"branchMap":{"0":{"loc":{"start":{"line":5,"column":4},"end":{"line":7,"column":null}},"type":"if","locations":[{"start":{"line":5,"column":4},"end":{"line":7,"column":null}}]}},"s":{"0":3,"1":3,"2":3,"3":7,"4":4,"5":7,"6":5,"7":3},"f":{"0":3,"1":7,"2":5},"b":{"0":[4]}}
}
