TN:
SF:src/core.ts
FN:21,(anonymous_0)
FN:28,(anonymous_1)
FN:32,(anonymous_2)
FN:41,(anonymous_3)
FN:42,(anonymous_4)
FN:44,(anonymous_5)
FN:62,(anonymous_6)
FN:69,(anonymous_7)
FN:77,(anonymous_8)
FN:95,(anonymous_9)
FNF:10
FNH:8
FNDA:7,(anonymous_0)
FNDA:4,(anonymous_1)
FNDA:4,(anonymous_2)
FNDA:4,(anonymous_3)
FNDA:4,(anonymous_4)
FNDA:4,(anonymous_5)
FNDA:4,(anonymous_6)
FNDA:4,(anonymous_7)
FNDA:0,(anonymous_8)
FNDA:0,(anonymous_9)
DA:1,2
DA:2,2
DA:18,2
DA:22,7
DA:23,7
DA:24,7
DA:28,2
DA:32,4
DA:37,4
DA:38,4
DA:40,4
DA:42,4
DA:43,4
DA:44,4
DA:45,4
DA:47,4
DA:50,4
DA:56,4
DA:62,2
DA:69,4
DA:74,4
DA:75,4
DA:77,4
DA:78,0
DA:79,0
DA:81,0
DA:82,0
DA:84,0
DA:89,4
DA:90,0
DA:92,4
DA:94,4
DA:95,0
DA:96,0
LF:34
LH:26
BRDA:22,0,0,7
BRDA:22,0,1,2
BRDA:28,1,0,4
BRDA:30,2,0,4
BRDA:38,3,0,4
BRDA:38,3,1,4
BRDA:62,4,0,4
BRDA:64,5,0,4
BRDA:75,6,0,4
BRDA:75,6,1,4
BRDA:81,7,0,0
BRDA:81,7,1,0
BRDA:89,8,0,0
BRDA:94,9,0,0
BRF:14
BRH:10
end_of_record
TN:
SF:src/eventBus.ts
FNF:0
FNH:0
DA:1,2
LF:1
LH:1
BRF:0
BRH:0
end_of_record
TN:
SF:src/index.ts
FN:1,(anonymous_0)
FN:1,(anonymous_1)
FN:1,(anonymous_2)
FN:2,(anonymous_3)
FNF:4
FNH:0
FNDA:0,(anonymous_0)
FNDA:0,(anonymous_1)
FNDA:0,(anonymous_2)
FNDA:0,(anonymous_3)
DA:1,1
DA:2,1
LF:2
LH:2
BRF:0
BRH:0
end_of_record
TN:
SF:src/utils.ts
FN:1,(anonymous_0)
FN:4,(anonymous_1)
FN:9,(anonymous_2)
FNF:3
FNH:3
FNDA:3,(anonymous_0)
FNDA:7,(anonymous_1)
FNDA:5,(anonymous_2)
DA:1,3
DA:2,3
DA:4,3
DA:5,7
DA:6,4
DA:9,7
DA:10,5
LF:7
LH:7
BRDA:5,0,0,4
BRF:1
BRH:1
end_of_record
